step 1-------------------

Current Game Board: 
(5,0):_ (5,1):_ (5,2):_ (5,3):_ (5,4):_ (5,5):_ (5,6):_ 
(4,0):_ (4,1):_ (4,2):_ (4,3):_ (4,4):_ (4,5):_ (4,6):_ 
(3,0):_ (3,1):_ (3,2):_ (3,3):_ (3,4):_ (3,5):_ (3,6):_ 
(2,0):_ (2,1):_ (2,2):_ (2,3):_ (2,4):_ (2,5):_ (2,6):_ 
(1,0):_ (1,1):_ (1,2):_ (1,3):_ (1,4):_ (1,5):_ (1,6):_ 
(0,0):_ (0,1):_ (0,2):_ (0,3):_ (0,4):_ (0,5):_ (0,6):_ 

Current valid moves for player X: ['(0,0)', '(0,1)', '(0,2)', '(0,3)', '(0,4)', '(0,5)', '(0,6)']
You are player X, please choose the best move considering the current board state.

Observations:
- My pieces: None.
- Opponent's pieces: None.
- [Intermediate Thinking Results 1: None]
- [Intermediate Thinking Results 2: None]

Strategic Analysis:
Since the board is completely empty, there are no immediate winning moves for either side. Following standard Connect Four strategy, taking control of the center column provides more opportunities to form winning lines in future moves. Therefore, placing my disc in the center column will maximize my potential to build multiple threats as the game develops.

Conclusion:
I will drop my disc in the center column. On an empty board, the disc will occupy the lowest available spot in that column, which is at position (0,3). This move supports a strong opening strategy.

Chosen Move: (0,3)
step 3-------------------

Current Game Board: 
(5,0):_ (5,1):_ (5,2):_ (5,3):_ (5,4):_ (5,5):_ (5,6):_ 
(4,0):_ (4,1):_ (4,2):_ (4,3):_ (4,4):_ (4,5):_ (4,6):_ 
(3,0):_ (3,1):_ (3,2):_ (3,3):_ (3,4):_ (3,5):_ (3,6):_ 
(2,0):_ (2,1):_ (2,2):_ (2,3):_ (2,4):_ (2,5):_ (2,6):_ 
(1,0):_ (1,1):_ (1,2):_ (1,3):O (1,4):_ (1,5):_ (1,6):_ 
(0,0):_ (0,1):_ (0,2):_ (0,3):X (0,4):_ (0,5):_ (0,6):_ 

Current valid moves for player X: ['(0,0)', '(0,1)', '(0,2)', '(2,3)', '(0,4)', '(0,5)', '(0,6)']
You are player X, please choose the best move considering the current board state.

Observations
• My pieces (Player X) are located at: (0,3).
• Opponent’s pieces (Player O) are located at: (1,3).
• Checking for immediate winning moves: With only one disc on board, there are no scenarios where placing one additional disc would immediately create four in a row for me.
[Intermediate Thinking Results 1: None]
• Similarly, the opponent has only one disc and no immediate four‐in‐a‑row threats.
[Intermediate Thinking Results 2: None]

Strategic Analysis
Since neither side has an immediate winning move, the focus is on positioning for future wins. In Connect Four, controlling the center is key because it provides opportunities to form winning lines in multiple directions. Although column 3 is the central column, its lowest available slot is (2,3) (because row0 and row1 are already filled), which places the disc higher up. In contrast, playing in column 4 will drop the disc directly to row0, placing it adjacent to my disc at (0,3) on the bottom row. This sets up a promising horizontal connection and maintains a strong central influence.

Conclusion
I choose to place my disc at (0,4) because it builds on my existing piece at (0,3) to start forming a horizontal line, while also keeping a central position that is versatile for creating multiple future winning threats.

Chosen Move: (0,4)
step 5-------------------

Current Game Board: 
(5,0):_ (5,1):_ (5,2):_ (5,3):_ (5,4):_ (5,5):_ (5,6):_ 
(4,0):_ (4,1):_ (4,2):_ (4,3):_ (4,4):_ (4,5):_ (4,6):_ 
(3,0):_ (3,1):_ (3,2):_ (3,3):_ (3,4):_ (3,5):_ (3,6):_ 
(2,0):_ (2,1):_ (2,2):_ (2,3):_ (2,4):_ (2,5):_ (2,6):_ 
(1,0):_ (1,1):_ (1,2):_ (1,3):O (1,4):_ (1,5):_ (1,6):_ 
(0,0):_ (0,1):_ (0,2):_ (0,3):X (0,4):X (0,5):O (0,6):_ 

Current valid moves for player X: ['(0,0)', '(0,1)', '(0,2)', '(2,3)', '(1,4)', '(1,5)', '(0,6)']
You are player X, please choose the best move considering the current board state.

Observations:
– My pieces (X) are at (0,3) and (0,4).
– Opponent’s pieces (O) are at (1,3) and (0,5).
– Checking potential immediate winning moves:
 • For X: None of the available moves create a four‐in‐a‐row immediately.
 • For O: None of their placements currently set up an immediate winning move.
[Intermediate Thinking Results 1: None]
[Intermediate Thinking Results 2: None]

Strategic Analysis:
Since no immediate win is available or threat to block, I look to build a future winning chance. Noticing that my two horizontal X’s at (0,3) and (0,4) can be extended, playing at (0,2) would yield a contiguous sequence—(0,2), (0,3), and (0,4)—forming three in a row with an open end at (0,1). This sets up a strong threat on my next move (as I could win by completing the line) and forces the opponent to respond. Other moves (such as playing in column 3 with (2,3) or stacking vertically with moves like (1,4)) are less immediately aggressive compared to expanding the horizontal chain.

Conclusion:
Based on the analysis, the best move is to play at (0,2) to extend my horizontal line and create a dual threat for future turns.

Chosen Move: (0,2)
step 7-------------------

Current Game Board: 
(5,0):_ (5,1):_ (5,2):_ (5,3):_ (5,4):_ (5,5):_ (5,6):_ 
(4,0):_ (4,1):_ (4,2):_ (4,3):_ (4,4):_ (4,5):_ (4,6):_ 
(3,0):_ (3,1):_ (3,2):_ (3,3):_ (3,4):_ (3,5):_ (3,6):_ 
(2,0):_ (2,1):_ (2,2):_ (2,3):_ (2,4):_ (2,5):_ (2,6):_ 
(1,0):_ (1,1):_ (1,2):_ (1,3):O (1,4):_ (1,5):_ (1,6):_ 
(0,0):_ (0,1):O (0,2):X (0,3):X (0,4):X (0,5):O (0,6):_ 

Current valid moves for player X: ['(0,0)', '(1,1)', '(1,2)', '(2,3)', '(1,4)', '(1,5)', '(0,6)']
You are player X, please choose the best move considering the current board state.

Observations:
• My pieces (X) are at: (0,2), (0,3), (0,4).
• Opponent’s pieces (O) are at: (0,1), (0,5), (1,3).
• Examining potential winning moves:
 – For me: None of the valid moves immediately create a 4‑in‑a‑row horizontally, vertically, or diagonally.
 – For the opponent: There are no immediate 3‑in‑a‑row threats that an extra move would complete.
[Intermediate Thinking Results 1: None]
[Intermediate Thinking Results 2: None]

Strategic Analysis:
Since neither I nor my opponent has an immediate winning move, the focus shifts toward building a position with multiple future threats. A common and powerful strategy in Connect Four is to control the center, as it opens lines in all directions and offers greater potential for creating forks. Among the valid moves, (2,3) corresponds to dropping my disc into the center column (column 3). Even though column 3 already has two pieces (X at (0,3) and O at (1,3)), controlling the center from a higher level can provide more opportunities to develop connecting lines (vertical, horizontal, and diagonal) in upcoming moves.

Conclusion:
Without an immediate win or need to block an opponent’s threat, I opt to strengthen my position by playing in the center. Placing my X in (2,3) supports future opportunities to create multiple winning lines and maximizes board control.

Chosen Move: (2,3)
step 9-------------------

Current Game Board: 
(5,0):_ (5,1):_ (5,2):_ (5,3):_ (5,4):_ (5,5):_ (5,6):_ 
(4,0):_ (4,1):_ (4,2):_ (4,3):_ (4,4):_ (4,5):_ (4,6):_ 
(3,0):_ (3,1):_ (3,2):_ (3,3):O (3,4):_ (3,5):_ (3,6):_ 
(2,0):_ (2,1):_ (2,2):_ (2,3):X (2,4):_ (2,5):_ (2,6):_ 
(1,0):_ (1,1):_ (1,2):_ (1,3):O (1,4):_ (1,5):_ (1,6):_ 
(0,0):_ (0,1):O (0,2):X (0,3):X (0,4):X (0,5):O (0,6):_ 

Current valid moves for player X: ['(0,0)', '(1,1)', '(1,2)', '(4,3)', '(1,4)', '(1,5)', '(0,6)']
You are player X, please choose the best move considering the current board state.

Observations:
• My pieces (X) are at (0,2), (0,3), (0,4), and (2,3).
• Opponent’s pieces (O) are at (0,1), (0,5), (1,3), and (3,3).
• Checking possible winning lines for me:
 – The bottom row has three consecutive X’s at (0,2), (0,3), and (0,4) but both sides (at (0,1) and (0,5)) are occupied by O.
 – No vertical drop creates an immediate four since in every column a new drop would only add a second piece (or, in column 3, a drop comes high due to blocking discs).
 – Diagonally, none of the drops from the valid moves immediately link with three existing X’s to form four.
 Thus, there are no immediate winning moves for X.
 [Intermediate Thinking Results 1: None]

• Checking possible winning moves for the opponent:
 – None of O’s pieces are forming a three‐in‐a‐row with an open fourth slot – neither horizontally, vertically, nor diagonally.
 Thus, there are no immediate winning moves for O.
 [Intermediate Thinking Results 2: None]

Strategic Analysis:
Since neither side has a winning move on this turn, I need to choose a move that builds long‐term threats and increases my options. I already have a strong horizontal foundation on the bottom row (with X’s at (0,2), (0,3) and (0,4)). By playing in one of the adjacent central columns that already contain one of my pieces (specifically in column 4 where (0,4) is already occupied), I can start building a vertical threat as well as set up favorable diagonals. Dropping a disc into (1,4) (the valid move in column 4) strengthens the connection with my bottom piece at (0,4) and, combined with the nearby disc at (0,3), opens up future diagonal possibilities (e.g. along the “\” diagonal through (0,3) and (1,4) leading toward (2,5) and (3,6)). Also, central columns are typically the most flexible for creating forked win–threats in Connect Four. 

Conclusion:
My best move is to drop a disc in column 4 so that it lands at (1,4). This supports a future vertical win in column 4, fortifies a promising diagonal connection with (0,3), and helps maintain control in the center of the board.

Chosen Move: (1,4)
step 11-------------------

Current Game Board: 
(5,0):_ (5,1):_ (5,2):_ (5,3):_ (5,4):_ (5,5):_ (5,6):_ 
(4,0):_ (4,1):_ (4,2):_ (4,3):O (4,4):_ (4,5):_ (4,6):_ 
(3,0):_ (3,1):_ (3,2):_ (3,3):O (3,4):_ (3,5):_ (3,6):_ 
(2,0):_ (2,1):_ (2,2):_ (2,3):X (2,4):_ (2,5):_ (2,6):_ 
(1,0):_ (1,1):_ (1,2):_ (1,3):O (1,4):X (1,5):_ (1,6):_ 
(0,0):_ (0,1):O (0,2):X (0,3):X (0,4):X (0,5):O (0,6):_ 

Current valid moves for player X: ['(0,0)', '(1,1)', '(1,2)', '(5,3)', '(2,4)', '(1,5)', '(0,6)']
You are player X, please choose the best move considering the current board state.

[Intermediate Thinking Results 1: None]  
[Intermediate Thinking Results 2: None]

Strategic Analysis:  
Neither I (player X) nor my opponent (O) have an immediate winning move on this turn. My pieces are currently at (0,2), (0,3), (0,4), (1,4), and (2,3). This creates a horizontal stretch on the bottom row, but its obvious extensions are blocked by opponent pieces (O is at (0,1) and (0,5)). Among the valid moves given, dropping a disc in column 4 (i.e. move (2,4)) leverages the fact that column 4 already has two X pieces at the bottom (row0 and row1). By playing (2,4), I will create a vertical stack of three X’s in column 4. This not only builds toward a future connect-four (since the disc would land directly on top of the existing X’s, making the three consecutive vertically), but also forces my opponent to respond immediately to block the potential winning move in that column.

Conclusion:  
Since there is no immediate win for me and no immediate threat to block, I will choose the move that sets up a strong, multi-threat position. Placing my disc at (2,4) in column 4 is the best strategic move: it creates a vertical connect-three that pressures my opponent and opens up possibilities for future winning connections. 

Chosen Move: (2,4)
step 13-------------------

Current Game Board: 
(5,0):_ (5,1):_ (5,2):_ (5,3):_ (5,4):_ (5,5):_ (5,6):_ 
(4,0):_ (4,1):_ (4,2):_ (4,3):O (4,4):_ (4,5):_ (4,6):_ 
(3,0):_ (3,1):_ (3,2):_ (3,3):O (3,4):O (3,5):_ (3,6):_ 
(2,0):_ (2,1):_ (2,2):_ (2,3):X (2,4):X (2,5):_ (2,6):_ 
(1,0):_ (1,1):_ (1,2):_ (1,3):O (1,4):X (1,5):_ (1,6):_ 
(0,0):_ (0,1):O (0,2):X (0,3):X (0,4):X (0,5):O (0,6):_ 

Current valid moves for player X: ['(0,0)', '(1,1)', '(1,2)', '(5,3)', '(4,4)', '(1,5)', '(0,6)']
You are player X, please choose the best move considering the current board state.

Observations:
• My pieces (X) are located at: (0,2), (0,3), (0,4), (1,4), (2,3), (2,4).
• Opponent’s pieces (O) are located at: (0,1), (0,5), (1,3), (3,3), (3,4), (4,3).
• [Intermediate Thinking Results 1: None] (None of my available drops immediately create four in a row.)
• [Intermediate Thinking Results 2: None] (None of the opponent’s available moves give them an immediate win.)

Strategic Analysis:
Since there is no immediate win for me or an immediate threat from the opponent, I follow a standard strategy: prioritize control of the center to maximize future winning opportunities. The center column (column 3) tends to connect with more potential horizontal, vertical, and diagonal lines in Connect Four. Dropping my disc in column 3 with the valid move (5,3) not only places a piece in a central location but also sets up potential multi-directional threats, forcing my opponent to remain defensive in future moves.

Conclusion:
Considering the strategic advantage of central control and potential for multiple future winning lines, I choose to play in column 3 at (5,3).

Chosen Move: (5,3)
step 15-------------------

Current Game Board: 
(5,0):_ (5,1):_ (5,2):_ (5,3):X (5,4):_ (5,5):_ (5,6):_ 
(4,0):_ (4,1):_ (4,2):_ (4,3):O (4,4):O (4,5):_ (4,6):_ 
(3,0):_ (3,1):_ (3,2):_ (3,3):O (3,4):O (3,5):_ (3,6):_ 
(2,0):_ (2,1):_ (2,2):_ (2,3):X (2,4):X (2,5):_ (2,6):_ 
(1,0):_ (1,1):_ (1,2):_ (1,3):O (1,4):X (1,5):_ (1,6):_ 
(0,0):_ (0,1):O (0,2):X (0,3):X (0,4):X (0,5):O (0,6):_ 

Current valid moves for player X: ['(0,0)', '(1,1)', '(1,2)', '(5,4)', '(1,5)', '(0,6)']
You are player X, please choose the best move considering the current board state.

Observations  
My pieces are located at: (5,3), (2,3), (2,4), (1,4), (0,2), (0,3), (0,4).  
Opponent’s pieces are located at: (4,3), (4,4), (3,3), (3,4), (1,3), (0,1), (0,5).  
Checking common winning lines:
 • For me, the three contiguous X’s on row0 at (0,2), (0,3), (0,4) cannot be extended horizontally (since (0,1) and (0,5) are occupied by O), and no vertical or diagonal three‐in‐a‐row has an immediate one‐move extension to win.  
  [Intermediate Thinking Results 1: None]  
 • For the opponent, although they have a cluster in the center (for example, the pair (3,3)&(3,4) and (4,3)&(4,4)), there is no placement that immediately gives them four in a row.  
  [Intermediate Thinking Results 2: None]

Strategic Analysis  
Since neither I nor my opponent has an immediate winning move, I must choose a move that builds future threats while using a central area of the board. A powerful strategy in Connect Four is to build vertical or diagonal threats, and a central column placement often offers more connection opportunities.  
Among the valid moves—(0,0), (1,1), (1,2), (5,4), (1,5), and (0,6)—the move at (1,2) is particularly attractive. Column 2 already has an X at (0,2), so placing an X at (1,2) starts a vertical stack and sets up the possibility of adding further pieces (at (2,2) later) to create a four‐in‐a‐row. Being closer to the center also helps establish diagonal and horizontal options in subsequent moves.

Conclusion  
Given these factors, I choose to drop my disc in column 2 so that it lands at (1,2), thereby building a vertical threat and maintaining good central control without giving the opponent an opportunity to win immediately.

Chosen Move: (1,2)
step 17-------------------

Current Game Board: 
(5,0):_ (5,1):_ (5,2):_ (5,3):X (5,4):_ (5,5):_ (5,6):_ 
(4,0):_ (4,1):_ (4,2):_ (4,3):O (4,4):O (4,5):_ (4,6):_ 
(3,0):_ (3,1):_ (3,2):_ (3,3):O (3,4):O (3,5):_ (3,6):_ 
(2,0):_ (2,1):_ (2,2):O (2,3):X (2,4):X (2,5):_ (2,6):_ 
(1,0):_ (1,1):_ (1,2):X (1,3):O (1,4):X (1,5):_ (1,6):_ 
(0,0):_ (0,1):O (0,2):X (0,3):X (0,4):X (0,5):O (0,6):_ 

Current valid moves for player X: ['(0,0)', '(1,1)', '(3,2)', '(5,4)', '(1,5)', '(0,6)']
You are player X, please choose the best move considering the current board state.

Observations  
My pieces (X) are located at: (5,3), (2,3), (2,4), (1,2), (1,4), (0,2), (0,3), (0,4).  
Opponent’s pieces (O) are located at: (4,3), (4,4), (3,3), (3,4), (2,2), (1,3), (0,1), (0,5).  

Checking for immediate winning moves for me (X):  
• Horizontal: Although row 0 has X at (0,2), (0,3), (0,4), both ends are blocked by O at (0,1) and (0,5).  
• Vertical and Diagonals: None of the candidate placements from the valid moves—(0,0), (1,1), (3,2), (5,4), (1,5), (0,6)—create an immediate connect‐4 for X.  

[Intermediate Thinking Results 1: None]

Next, checking opponent’s (O) potential winning moves:  
I notice that O already occupies (2,2), (3,3) and (4,4). These three form a diagonal with slope (1,1). The missing cell to complete the diagonal is (1,1) (i.e. (1,1) + (1,1) → (2,2), etc.). Since (1,1) is the current landing spot if a disc is dropped in column 1, this would allow O to achieve four in a row if they played there next turn.

[Intermediate Thinking Results 2: (1,1)]

Strategic Analysis  
I have no immediate winning move, but the opponent has a clear winning threat via the diagonal [(1,1), (2,2), (3,3), (4,4)]. Therefore, my priority must be to block O’s winning move by playing in the (1,1) position.

Conclusion  
To stop the opponent from winning on their next move, I will place my disc in (1,1).

Chosen Move: (1,1)
step 19-------------------

Current Game Board: 
(5,0):_ (5,1):_ (5,2):_ (5,3):X (5,4):_ (5,5):_ (5,6):_ 
(4,0):_ (4,1):_ (4,2):_ (4,3):O (4,4):O (4,5):_ (4,6):_ 
(3,0):_ (3,1):_ (3,2):O (3,3):O (3,4):O (3,5):_ (3,6):_ 
(2,0):_ (2,1):_ (2,2):O (2,3):X (2,4):X (2,5):_ (2,6):_ 
(1,0):_ (1,1):X (1,2):X (1,3):O (1,4):X (1,5):_ (1,6):_ 
(0,0):_ (0,1):O (0,2):X (0,3):X (0,4):X (0,5):O (0,6):_ 

Current valid moves for player X: ['(0,0)', '(2,1)', '(4,2)', '(5,4)', '(1,5)', '(0,6)']
You are player X, please choose the best move considering the current board state.

Observations:
• My (X) pieces are at (5,3); (2,3) and (2,4); (1,1), (1,2) and (1,4); (0,2), (0,3) and (0,4).
• Opponent’s (O) pieces are at (4,3) and (4,4); (3,2), (3,3) and (3,4); (2,2); (1,3); (0,1) and (0,5).
• Checking each valid move for an immediate win:
 – (0,0): No connect‐4 in any direction.
 – (2,1): While it would not immediately complete four in a row, it joins with (1,2) and (0,3) to form a potential diagonal “threat line” that would only need one extra piece (eventually at (3,0)).
 – (4,2), (5,4), (1,5) and (0,6): None of these yield an immediate connect‑4.
[Intermediate Thinking Results 1: None]
• Similarly, simulating if the opponent drops an O in any available slot shows no move that immediately wins (for example, although row 3 already contains O’s at (3,2),(3,3),(3,4), the placements that would extend that line (at (3,1) or (3,5)) cannot be reached by a drop because gravity forces play into lower rows).
[Intermediate Thinking Results 2: None]

Strategic Analysis:
Since neither side has an immediate winning move, I must choose a move that both blocks a potential setup for my opponent and creates future winning opportunities. Note that if the opponent later uses (2,1) to complete a diagonal with their O’s at (3,2) and (4,3) (aiming for a win by eventually filling (5,4)), it would be dangerous. By playing (2,1) now I both deny that chance for O and build my own potential diagonal connection (using my existing X’s at (0,3) and (1,2) which would then point to a winning continuation with a future piece at (3,0)). This dual-purpose move makes (2,1) the best strategic choice.

Conclusion:
I decide to drop my disc so that it lands at (2,1) because it blocks a key potential diagonal threat from O and sets me up for a future fork (diagonally connecting (0,3), (1,2), and (2,1) with a winning possibility at (3,0)).

Chosen Move: (2,1)

