step 2-------------------

Current Game Board: 
(5,0):_ (5,1):_ (5,2):_ (5,3):_ (5,4):_ (5,5):_ (5,6):_ 
(4,0):_ (4,1):_ (4,2):_ (4,3):_ (4,4):_ (4,5):_ (4,6):_ 
(3,0):_ (3,1):_ (3,2):_ (3,3):_ (3,4):_ (3,5):_ (3,6):_ 
(2,0):_ (2,1):_ (2,2):_ (2,3):_ (2,4):_ (2,5):_ (2,6):_ 
(1,0):_ (1,1):_ (1,2):_ (1,3):_ (1,4):_ (1,5):_ (1,6):_ 
(0,0):_ (0,1):_ (0,2):_ (0,3):X (0,4):_ (0,5):_ (0,6):_ 

Current valid moves for player O: ['(0,0)', '(0,1)', '(0,2)', '(1,3)', '(0,4)', '(0,5)', '(0,6)']
You are player O, please choose the best move considering the current board state.

Observations
- My pieces (O): Currently, I have no pieces on the board.
- Opponent's pieces (X): There is one piece at (0,3).
- Checking for winning moves:
  [Intermediate Thinking Results 1: None]
  [Intermediate Thinking Results 2: None]

Strategic Analysis
- With no immediate winning opportunities for either side, I need to choose a move that sets up strong potential for future wins.
- The center column is strategically strong because it offers opportunities in all directions (vertical, horizontal, and both diagonals).
- In column 3, the lowest available space is at (1,3) since (0,3) is occupied by X.
- Therefore, placing my disc at (1,3) maximizes flexibility and responsiveness for subsequent moves.

Conclusion
I will choose to drop my piece at (1,3) to secure the center column advantage and build multiple future connection possibilities.

Chosen Move: (1,3)
step 4-------------------

Current Game Board: 
(5,0):_ (5,1):_ (5,2):_ (5,3):_ (5,4):_ (5,5):_ (5,6):_ 
(4,0):_ (4,1):_ (4,2):_ (4,3):_ (4,4):_ (4,5):_ (4,6):_ 
(3,0):_ (3,1):_ (3,2):_ (3,3):_ (3,4):_ (3,5):_ (3,6):_ 
(2,0):_ (2,1):_ (2,2):_ (2,3):X (2,4):_ (2,5):_ (2,6):_ 
(1,0):_ (1,1):_ (1,2):_ (1,3):O (1,4):_ (1,5):_ (1,6):_ 
(0,0):_ (0,1):_ (0,2):_ (0,3):X (0,4):_ (0,5):_ (0,6):_ 

Current valid moves for player O: ['(0,0)', '(0,1)', '(0,2)', '(3,3)', '(0,4)', '(0,5)', '(0,6)']
You are player O, please choose the best move considering the current board state.

Observations:
• My pieces (O) are located at (1,3).
• Opponent’s pieces (X) are located at (0,3) and (2,3).
• Checking all directions, I do not have any immediate opportunity (three in a row with a winning fourth) to win.
[Intermediate Thinking Results 1: None]
• Likewise, the opponent does not have any immediate winning move.
[Intermediate Thinking Results 2: None]

Strategic Analysis:
• Since neither side has an immediate win, I should focus on building a strong board position.
• The center column (column 3) is particularly valuable in Connect Four, as playing there opens opportunities for vertical, horizontal, and diagonal connections.
• Though column 3 already has pieces in rows 0, 1, and 2, the lowest available move in this column is at (3,3). Dropping a disc there helps secure the center and may also block potential future threats from X.
• This move positions me for multiple future winning possibilities while denying the opponent the advantage of the central column.

Conclusion:
Based on the absence of immediate winning moves for either player and the strategic importance of the center column, my decision is to drop my disc in column 3 at row 3. This move offers a strong central presence and sets up opportunities for future connections.

Chosen Move: (3,3)
step 6-------------------

Current Game Board: 
(5,0):_ (5,1):_ (5,2):_ (5,3):_ (5,4):_ (5,5):_ (5,6):_ 
(4,0):_ (4,1):_ (4,2):_ (4,3):X (4,4):_ (4,5):_ (4,6):_ 
(3,0):_ (3,1):_ (3,2):_ (3,3):O (3,4):_ (3,5):_ (3,6):_ 
(2,0):_ (2,1):_ (2,2):_ (2,3):X (2,4):_ (2,5):_ (2,6):_ 
(1,0):_ (1,1):_ (1,2):_ (1,3):O (1,4):_ (1,5):_ (1,6):_ 
(0,0):_ (0,1):_ (0,2):_ (0,3):X (0,4):_ (0,5):_ (0,6):_ 

Current valid moves for player O: ['(0,0)', '(0,1)', '(0,2)', '(5,3)', '(0,4)', '(0,5)', '(0,6)']
You are player O, please choose the best move considering the current board state.

Observations
[Intermediate Thinking Results 1: None]
[Intermediate Thinking Results 2: None]

Strategic Analysis
Neither I (O) nor my opponent (X) have an immediate winning move. My two O pieces are in column 3 (at (3,3) and (1,3)), but they are not adjacent vertically (separated by X’s) and do not presently form any ready horizontal or diagonal three‐in-a‑row. Meanwhile, X’s three pieces in column 3 are interleaved with my pieces so no immediate vertical or diagonal win exists for them either. In the absence of immediate threats or wins, following a sound strategy means increasing board control while creating future opportunities—typically by playing in the center column. Since the center column (column 3) is strategic (offering more possible directions for forming connections), placing my disc at the available top cell there (which is (5,3)) sets the stage for potential multiple winning lines in upcoming moves.

Conclusion
Based on the strategic priority of controlling the center and building future connecting possibilities—and with no immediate win on either side—I choose to drop my disc in column 3, landing at (5,3).

Chosen Move: (5,3)
step 8-------------------

Current Game Board: 
(5,0):_ (5,1):_ (5,2):_ (5,3):O (5,4):_ (5,5):_ (5,6):_ 
(4,0):_ (4,1):_ (4,2):_ (4,3):X (4,4):_ (4,5):_ (4,6):_ 
(3,0):_ (3,1):_ (3,2):_ (3,3):O (3,4):_ (3,5):_ (3,6):_ 
(2,0):_ (2,1):_ (2,2):_ (2,3):X (2,4):_ (2,5):_ (2,6):_ 
(1,0):_ (1,1):_ (1,2):_ (1,3):O (1,4):_ (1,5):_ (1,6):_ 
(0,0):_ (0,1):_ (0,2):_ (0,3):X (0,4):X (0,5):_ (0,6):_ 

Current valid moves for player O: ['(0,0)', '(0,1)', '(0,2)', '(1,4)', '(0,5)', '(0,6)']
You are player O, please choose the best move considering the current board state.

Observations
My pieces are located at (5,3), (3,3), and (1,3).  
The opponent’s pieces are located at (4,3), (2,3), (0,3), and (0,4).  
After checking horizontal, vertical, and diagonal possibilities, I see that none of the available moves immediately give me a connect‐four, and similarly the opponent does not have an immediate winning move.
[Intermediate Thinking Results 1: None]  
[Intermediate Thinking Results 2: None]

Strategic Analysis
Since there is no immediate win to seize nor an urgent threat to block, I must choose a move that positions me well for future opportunities. In Connect Four, central control is highly advantageous because it offers multiple avenues (horizontal, vertical, and diagonal) for forming connect‐fours. Although the true center (column 3) is already filled, column 4 is adjacent and strategically strong. Dropping my disc in column 4 will place it at (1,4) and create a horizontal pair with my disc at (1,3), while also keeping options open for diagonal builds. This move helps me both to build my own threats and to gain influence over the central part of the board.

Conclusion
Based on these observations and the strategic importance of controlling the center, I choose to place my disc at (1,4) because it strengthens my position by connecting with my existing piece at (1,3) and setting up future win opportunities.

Chosen Move: (1,4)
step 10-------------------

Current Game Board: 
(5,0):_ (5,1):_ (5,2):_ (5,3):O (5,4):_ (5,5):_ (5,6):_ 
(4,0):_ (4,1):_ (4,2):_ (4,3):X (4,4):_ (4,5):_ (4,6):_ 
(3,0):_ (3,1):_ (3,2):_ (3,3):O (3,4):_ (3,5):_ (3,6):_ 
(2,0):_ (2,1):_ (2,2):_ (2,3):X (2,4):X (2,5):_ (2,6):_ 
(1,0):_ (1,1):_ (1,2):_ (1,3):O (1,4):O (1,5):_ (1,6):_ 
(0,0):_ (0,1):_ (0,2):_ (0,3):X (0,4):X (0,5):_ (0,6):_ 

Current valid moves for player O: ['(0,0)', '(0,1)', '(0,2)', '(3,4)', '(0,5)', '(0,6)']
You are player O, please choose the best move considering the current board state.

[Intermediate Thinking Results 1: None]
[Intermediate Thinking Results 2: None]

Strategic Analysis:
• My current O pieces are grouped around Column 3 at (5,3), (3,3), and (1,3) with an extra piece at (1,4). Although none of my available moves produces an immediate Connect Four, playing in the central area is ideal. 
• Among the valid moves, (3,4) would place an O right next to my O at (3,3) on Row 3. This move is in a central column (the column immediately next to the full center Column 3) and helps begin to build horizontal and diagonal potential.
• Since there is no immediate winning move for either side, using a move that creates opportunities for multiple threats in the coming turns is best. (3,4) achieves that by increasing control over a central row and setting up possibilities to extend the line in either direction.

Conclusion:
I will drop my disc in the available position (3,4). This move safely reinforces my position by connecting with my existing disc at (3,3) while keeping a central presence and laying groundwork for multiple winning opportunities in future moves.

Chosen Move: (3,4)
step 12-------------------

Current Game Board: 
(5,0):_ (5,1):_ (5,2):_ (5,3):O (5,4):_ (5,5):_ (5,6):_ 
(4,0):_ (4,1):_ (4,2):_ (4,3):X (4,4):_ (4,5):_ (4,6):_ 
(3,0):_ (3,1):_ (3,2):_ (3,3):O (3,4):O (3,5):_ (3,6):_ 
(2,0):_ (2,1):_ (2,2):_ (2,3):X (2,4):X (2,5):_ (2,6):_ 
(1,0):_ (1,1):_ (1,2):_ (1,3):O (1,4):O (1,5):_ (1,6):_ 
(0,0):_ (0,1):_ (0,2):X (0,3):X (0,4):X (0,5):_ (0,6):_ 

Current valid moves for player O: ['(0,0)', '(0,1)', '(1,2)', '(4,4)', '(0,5)', '(0,6)']
You are player O, please choose the best move considering the current board state.

Observations:
• My pieces (O) are at: (5,3), (3,3), (3,4), (1,3), (1,4).
• Opponent’s pieces (X) are at: (4,3), (2,3), (2,4), (0,2), (0,3), (0,4).
• Checking for immediate wins:
 – For O: I find no line where dropping one disc would complete four in a row.
 – For X: There is a horizontal threat on row 0. X already has three consecutive discs at (0,2), (0,3), (0,4). By playing in either (0,1) (to extend left) or (0,5) (to extend right), X would complete a four‐in‐a‐row.
[Intermediate Thinking Results 1: None]
[Intermediate Thinking Results 2: (0,1), (0,5)]

Strategic Analysis:
I do not have an immediate winning move, but my opponent does have two winning moves. Since I must block any opponent winning move, I need to fill one of the critical spaces. Although both (0,1) and (0,5) would block one end of X’s horizontal line, I must choose one move. I decide to drop my disc in column 1 so that it lands at (0,1), which directly blocks one of X’s immediate winning spots. (Note: This still leaves (0,5) open for X on their next turn; however, following the strategy, a block move is required when the opponent has a winning move.)

Conclusion:
I will choose to block by playing at (0,1). This move occupies one of the key winning cells (row 0, column 1) that X could use to go four in a row horizontally.

Chosen Move: (0,1)

